[debug] [2025-06-27T23:15:15.543Z] ----------------------------------------------------------------------
[debug] [2025-06-27T23:15:15.550Z] Command:       C:\Program Files\nodejs\node.exe C:\Users\HP\AppData\Roaming\npm\node_modules\firebase-tools\lib\bin\firebase.js init
[debug] [2025-06-27T23:15:15.550Z] CLI Version:   14.9.0
[debug] [2025-06-27T23:15:15.551Z] Platform:      win32
[debug] [2025-06-27T23:15:15.551Z] Node Version:  v22.16.0
[debug] [2025-06-27T23:15:15.551Z] Time:          Fri Jun 27 2025 23:15:15 GMT+0000 (temps universel coordonné)
[debug] [2025-06-27T23:15:15.552Z] ----------------------------------------------------------------------
[debug] 
[debug] [2025-06-27T23:15:15.565Z] > command requires scopes: ["email","openid","https://www.googleapis.com/auth/cloudplatformprojects.readonly","https://www.googleapis.com/auth/firebase","https://www.googleapis.com/auth/cloud-platform"]
[debug] [2025-06-27T23:15:15.566Z] > authorizing via signed-in user (kouinprince@gmail.com)
[info] 
     ######## #### ########  ######## ########     ###     ######  ########
     ##        ##  ##     ## ##       ##     ##  ##   ##  ##       ##
     ######    ##  ########  ######   ########  #########  ######  ######
     ##        ##  ##    ##  ##       ##     ## ##     ##       ## ##
     ##       #### ##     ## ######## ########  ##     ##  ######  ########

You're about to initialize a Firebase project in this directory:

  C:\laragon\www\e-pharma-ci

Before we get started, keep in mind:

  * You are currently outside your home directory

[debug] [2025-06-27T23:17:17.612Z] ExitPromptError: User force closed the prompt with SIGINT
    at Interface.sigint (C:\Users\HP\AppData\Roaming\npm\node_modules\firebase-tools\node_modules\@inquirer\core\dist\commonjs\lib\create-prompt.js:101:37)
    at Interface.emit (node:events:518:28)
    at Interface.emit (node:domain:489:12)
    at [_ttyWrite] [as _ttyWrite] (node:internal/readline/interface:1128:18)
    at ReadStream.onkeypress (node:internal/readline/interface:267:20)
    at ReadStream.emit (node:events:530:35)
    at ReadStream.emit (node:domain:489:12)
    at emitKeys (node:internal/readline/utils:370:14)
    at emitKeys.next (<anonymous>)
    at ReadStream.onData (node:internal/readline/emitKeypressEvents:64:36)
[error] 
[error] Error: An unexpected error has occurred.
